0 info it worked if it ends with ok
1 verbose cli [ '/usr/local/bin/node',
1 verbose cli   '/usr/local/bin/npm',
1 verbose cli   'owner',
1 verbose cli   'add',
1 verbose cli   'sevko' ]
2 info using npm@1.4.28
3 info using node@v0.10.33
4 error Error: ENOENT, open '/home/peter/.go/src/github.com/pelias/pbf2json/package.json'
5 error If you need help, you may report this *entire* log,
5 error including the npm and node versions, at:
5 error     <http://github.com/npm/npm/issues>
6 error System Linux 3.13.0-43-generic
7 error command "/usr/local/bin/node" "/usr/local/bin/npm" "owner" "add" "sevko"
8 error cwd /home/peter/.go/src/github.com/pelias/pbf2json
9 error node -v v0.10.33
10 error npm -v 1.4.28
11 error path /home/peter/.go/src/github.com/pelias/pbf2json/package.json
12 error code ENOENT
13 error errno 34
14 verbose exit [ 34, true ]
